********************************************************************************
DUPLICATOR-LITE PACKAGE-LOG: 2017-07-13 14:19:22
NOTICE: Do NOT post to public sites or forums 
********************************************************************************
VERSION:	1.2.6
WORDPRESS:	4.5.9
PHP INFO:	7.0.9 | SAPI: apache2handler
SERVER:		Apache/2.4.23 (Win32) OpenSSL/1.0.2h PHP/7.0.9 
PHP TIME LIMIT: (0) no time limit imposed 
PHP MAX MEMORY: 2048M (128M default) 
MEMORY STACK: 6MB 

********************************************************************************
DATABASE:
********************************************************************************
BUILD MODE:   PHP(query limit - 100)
MYSQLTIMEOUT: 5000
MYSQLDUMP:    Is Supported 
TABLES: total:21 | filtered:0 | create:21 
FILTERED: [] 
SQL CREATED: 20170511_interventionlogic_0161baeca0ba703f8577170713141913_database.sql 
SQL FILE SIZE: 688.78KB (705312) 
SQL FILE TIME: 2017-07-13 14:19:22 
SQL RUNTIME: 0.14 sec. 

******************************************************************************** 
ARCHIVE (ZIP): 
******************************************************************************** 
ARCHIVE DIR:  C:/xampp/htdocs/interlogic 
ARCHIVE FILE: 20170511_interventionlogic_0161baeca0ba703f8577170713141913_archive.zip 
FILTERS: *OFF* 
DIRS: not set 
EXTS:  not set 
---------------------------------------- 
COMPRESSING 
SIZE:	34.47MB 
STATS:	Dirs 208 | Files 1,743 
SQL ADDED: 20170511_interventionlogic_0161baeca0ba703f8577170713141913_database.sql 

WARNING: Unable to zip files: 
FILE: [C:/xampp/htdocs/interlogic/wp-content/themes/onlineS3/js/áñ÷åßï ëÞøçò]
 
ZipArchive Object
(
    [status] => 0
    [statusSys] => 0
    [numFiles] => 1950
    [filename] => C:\xampp\htdocs\interlogic\wp-snapshots\tmp\20170511_interventionlogic_0161baeca0ba703f8577170713141913_archive.zip
    [comment] => 
)
 
COMPRESSION RESULT: '1' 
COMPRESSED SIZE: 14.05MB 
ARCHIVE RUNTIME: 8.91 sec. 
MEMORY STACK: 6MB 

******************************************************************************** 
MAKE INSTALLER: 
******************************************************************************** 
Build Start 
Build Finished 
Preping for use 
Template parsed with new data 
Complete [C:/xampp/htdocs/interlogic/wp-snapshots/tmp/20170511_interventionlogic_0161baeca0ba703f8577170713141913_installer.php] 
Added to archive 

******************************************************************************** 
INTEGRITY CHECKS: 
******************************************************************************** 
SQL File: 688.78KB 
Installer File: 422.11KB 
Archive File: 14.05MB  

********************************************************************************
RECORD ID:[3]
TOTAL PROCESS RUNTIME: 9.70 sec.
PEAK PHP MEMORY USED: 8MB
DONE PROCESSING => 20170511_interventionlogic 2017-07-13 14:19:32
 
