********************************************************************************
DUPLICATOR-LITE PACKAGE-LOG: 2017-05-29 13:50:34
NOTICE: Do NOT post to public sites or forums 
********************************************************************************
VERSION:	1.2.6
WORDPRESS:	4.5.9
PHP INFO:	7.0.9 | SAPI: apache2handler
SERVER:		Apache/2.4.23 (Win32) OpenSSL/1.0.2h PHP/7.0.9 
PHP TIME LIMIT: (0) no time limit imposed 
PHP MAX MEMORY: 2048M (128M default) 
MEMORY STACK: 6MB 

********************************************************************************
DATABASE:
********************************************************************************
BUILD MODE:   PHP(query limit - 100)
MYSQLTIMEOUT: 5000
MYSQLDUMP:    Is Supported 
TABLES: total:21 | filtered:0 | create:21 
FILTERED: [] 
SQL CREATED: 20170511_interventionlogic_28c1fda97dcb6c1f6331170529135020_database.sql 
SQL FILE SIZE: 679.69KB (696006) 
SQL FILE TIME: 2017-05-29 13:50:34 
SQL RUNTIME: 0.21 sec. 

******************************************************************************** 
ARCHIVE (ZIP): 
******************************************************************************** 
ARCHIVE DIR:  C:/xampp/htdocs/interlogic 
ARCHIVE FILE: 20170511_interventionlogic_28c1fda97dcb6c1f6331170529135020_archive.zip 
FILTERS: *OFF* 
DIRS: not set 
EXTS:  not set 
---------------------------------------- 
COMPRESSING 
SIZE:	34.25MB 
STATS:	Dirs 207 | Files 1,729 
SQL ADDED: 20170511_interventionlogic_28c1fda97dcb6c1f6331170529135020_database.sql 

WARNING: Unable to zip files: 
FILE: [C:/xampp/htdocs/interlogic/wp-content/themes/onlineS3/js/áñ÷åßï ëÞøçò]
 
ZipArchive Object
(
    [status] => 0
    [statusSys] => 0
    [numFiles] => 1935
    [filename] => C:\xampp\htdocs\interlogic\wp-snapshots\tmp\20170511_interventionlogic_28c1fda97dcb6c1f6331170529135020_archive.zip
    [comment] => 
)
 
COMPRESSION RESULT: '1' 
COMPRESSED SIZE: 13.89MB 
ARCHIVE RUNTIME: 8.17 sec. 
MEMORY STACK: 6MB 

******************************************************************************** 
MAKE INSTALLER: 
******************************************************************************** 
Build Start 
Build Finished 
Preping for use 
Template parsed with new data 
Complete [C:/xampp/htdocs/interlogic/wp-snapshots/tmp/20170511_interventionlogic_28c1fda97dcb6c1f6331170529135020_installer.php] 
Added to archive 

******************************************************************************** 
INTEGRITY CHECKS: 
******************************************************************************** 
SQL File: 679.69KB 
Installer File: 422.11KB 
Archive File: 13.89MB  

********************************************************************************
RECORD ID:[2]
TOTAL PROCESS RUNTIME: 9.00 sec.
PEAK PHP MEMORY USED: 8MB
DONE PROCESSING => 20170511_interventionlogic 2017-05-29 13:50:43
 
