********************************************************************************
DUPLICATOR-LITE PACKAGE-LOG: 2017-05-11 13:40:43
NOTICE: Do NOT post to public sites or forums 
********************************************************************************
VERSION:	1.2.6
WORDPRESS:	4.5.8
PHP INFO:	7.0.9 | SAPI: apache2handler
SERVER:		Apache/2.4.23 (Win32) OpenSSL/1.0.2h PHP/7.0.9 
PHP TIME LIMIT: (0) no time limit imposed 
PHP MAX MEMORY: 2048M (128M default) 
MEMORY STACK: 2MB 

********************************************************************************
DATABASE:
********************************************************************************
BUILD MODE:   PHP(query limit - 100)
MYSQLTIMEOUT: 5000
MYSQLDUMP:    Is Supported 
TABLES: total:20 | filtered:0 | create:20 
FILTERED: [] 
SQL CREATED: 20170511_interventionlogic_b3e9637c48779b205302170511134002_database.sql 
SQL FILE SIZE: 667.44KB (683461) 
SQL FILE TIME: 2017-05-11 13:40:43 
SQL RUNTIME: 0.18 sec. 

******************************************************************************** 
ARCHIVE (ZIP): 
******************************************************************************** 
ARCHIVE DIR:  C:/xampp/htdocs/interlogic 
ARCHIVE FILE: 20170511_interventionlogic_b3e9637c48779b205302170511134002_archive.zip 
FILTERS: *OFF* 
DIRS: not set 
EXTS:  not set 
---------------------------------------- 
COMPRESSING 
SIZE:	43.58MB 
STATS:	Dirs 291 | Files 2,273 
SQL ADDED: 20170511_interventionlogic_b3e9637c48779b205302170511134002_database.sql 

WARNING: Unable to zip files: 
FILE: [C:/xampp/htdocs/interlogic/wp-content/themes/onlineS3/js/áñ÷åßï ëÞøçò]
 
ZipArchive Object
(
    [status] => 0
    [statusSys] => 0
    [numFiles] => 2563
    [filename] => C:\xampp\htdocs\interlogic\wp-snapshots\tmp\20170511_interventionlogic_b3e9637c48779b205302170511134002_archive.zip
    [comment] => 
)
 
COMPRESSION RESULT: '1' 
COMPRESSED SIZE: 17.07MB 
ARCHIVE RUNTIME: 11.02 sec. 
MEMORY STACK: 4MB 

******************************************************************************** 
MAKE INSTALLER: 
******************************************************************************** 
Build Start 
Build Finished 
Preping for use 
Template parsed with new data 
Complete [C:/xampp/htdocs/interlogic/wp-snapshots/tmp/20170511_interventionlogic_b3e9637c48779b205302170511134002_installer.php] 
Added to archive 

******************************************************************************** 
INTEGRITY CHECKS: 
******************************************************************************** 
SQL File: 667.44KB 
Installer File: 422.11KB 
Archive File: 17.07MB  

********************************************************************************
RECORD ID:[1]
TOTAL PROCESS RUNTIME: 11.82 sec.
PEAK PHP MEMORY USED: 4MB
DONE PROCESSING => 20170511_interventionlogic 2017-05-11 13:40:55
 
